<?xml version="1.0" encoding="UTF-8"?>
<!-- Generated by org.testng.reporters.JUnitXMLReporter -->
<testsuite hostname="WINDOWS-IL9T34B" name="Default test" tests="4" failures="0" timestamp="25 May 2020 16:01:28 GMT" time="38.468" errors="0">
  <testcase name="login" time="8.724" classname="GaneshBorkar.NSE.SupplerLogin"/>
  <testcase name="SuplierLogin" time="4.626" classname="GaneshBorkar.NSE.SupplerLogin"/>
  <testcase name="SuplierLogin" time="4.654" classname="GaneshBorkar.NSE.SupplerLogin"/>
  <testcase name="SuplierLogin" time="4.555" classname="GaneshBorkar.NSE.SupplerLogin"/>
</testsuite> <!-- Default test -->
