<?xml version="1.0" encoding="UTF-8"?>
<!-- Generated by org.testng.reporters.JUnitXMLReporter -->
<testsuite hostname="WINDOWS-IL9T34B" name="Home" tests="3" failures="0" timestamp="20 May 2020 18:25:22 GMT" time="0.487" errors="0">
  <testcase name="validateTitle" time="0.021" classname="GaneshBorkar.NSE.PHPTRAVELS"/>
  <testcase name="ValidateText" time="0.091" classname="GaneshBorkar.NSE.PHPTRAVELS"/>
  <testcase name="getTerms_of_use" time="0.339" classname="GaneshBorkar.NSE.PHPTRAVELS"/>
</testsuite> <!-- Home -->
