<?xml version="1.0" encoding="UTF-8"?>
<!-- Generated by org.testng.reporters.JUnitXMLReporter -->
<testsuite hostname="WINDOWS-IL9T34B" name="Login" tests="2" failures="1" timestamp="20 May 2020 18:25:22 GMT" time="0.025" errors="0">
  <testcase name="window" time="0.004" classname="GaneshBorkar.NSE.SupplerLogin">
    <failure type="java.lang.NullPointerException">
      <![CDATA[java.lang.NullPointerException
	at GaneshBorkar.NSE.SupplerLogin.window(SupplerLogin.java:22)
... Removed 25 stack frames]]>
    </failure>
  </testcase> <!-- window -->
  <testcase name="login" time="0.001" classname="GaneshBorkar.NSE.SupplerLogin">
    <skipped/>
  </testcase> <!-- login -->
</testsuite> <!-- Login -->
