<?xml version="1.0" encoding="UTF-8"?>
<!-- Generated by org.testng.reporters.JUnitXMLReporter -->
<testsuite hostname="WINDOWS-IL9T34B" failures="0" tests="3" name="Test2" time="24.446" errors="0" timestamp="25 May 2020 18:50:37 GMT">
  <testcase classname="GaneshBorkar.NSE.PHPTRAVELS" name="validateTitle" time="0.137"/>
  <testcase classname="GaneshBorkar.NSE.PHPTRAVELS" name="ValidateText" time="0.063"/>
  <testcase classname="GaneshBorkar.NSE.PHPTRAVELS" name="getTerms_of_use" time="1.705"/>
</testsuite> <!-- Test2 -->
