<?xml version="1.0" encoding="UTF-8"?>
<testng-results total="7" passed="7" failed="0" skipped="0">
  <reporter-output>
  </reporter-output>
  <suite started-at="2020-05-25T18:49:36Z" name="Suite" finished-at="2020-05-25T18:50:37Z" duration-ms="61419">
    <groups>
    </groups>
    <test started-at="2020-05-25T18:49:36Z" name="Test1" finished-at="2020-05-25T18:50:11Z" duration-ms="35386">
      <class name="GaneshBorkar.NSE.SupplerLogin">
        <test-method is-config="true" signature="initializeDriver2()[pri:0, instance:GaneshBorkar.NSE.SupplerLogin@491666ad]" started-at="2020-05-26T00:19:36Z" name="initializeDriver2" finished-at="2020-05-26T00:19:47Z" duration-ms="11330" status="PASS">
          <reporter-output>
          </reporter-output>
        </test-method> <!-- initializeDriver2 -->
        <test-method signature="login()[pri:0, instance:GaneshBorkar.NSE.SupplerLogin@491666ad]" started-at="2020-05-26T00:19:47Z" name="login" finished-at="2020-05-26T00:19:55Z" duration-ms="8011" status="PASS">
          <reporter-output>
          </reporter-output>
        </test-method> <!-- login -->
        <test-method signature="SuplierLogin(java.lang.String, java.lang.String)[pri:0, instance:GaneshBorkar.NSE.SupplerLogin@491666ad]" started-at="2020-05-26T00:19:55Z" name="SuplierLogin" data-provider="dataSet" finished-at="2020-05-26T00:20:00Z" depends-on-methods="GaneshBorkar.NSE.SupplerLogin.login" duration-ms="5257" status="PASS">
          <params>
            <param index="0">
              <value>
                <![CDATA[abcdefg@sfffff.com]]>
              </value>
            </param>
            <param index="1">
              <value>
                <![CDATA[Adfjn223232]]>
              </value>
            </param>
          </params>
          <reporter-output>
          </reporter-output>
        </test-method> <!-- SuplierLogin -->
        <test-method signature="SuplierLogin(java.lang.String, java.lang.String)[pri:0, instance:GaneshBorkar.NSE.SupplerLogin@491666ad]" started-at="2020-05-26T00:20:00Z" name="SuplierLogin" data-provider="dataSet" finished-at="2020-05-26T00:20:05Z" depends-on-methods="GaneshBorkar.NSE.SupplerLogin.login" duration-ms="4772" status="PASS">
          <params>
            <param index="0">
              <value>
                <![CDATA[afbabjfkja@kjdgsj.com]]>
              </value>
            </param>
            <param index="1">
              <value>
                <![CDATA[kjfndndkjfnlfklf24x]]>
              </value>
            </param>
          </params>
          <reporter-output>
          </reporter-output>
        </test-method> <!-- SuplierLogin -->
        <test-method signature="SuplierLogin(java.lang.String, java.lang.String)[pri:0, instance:GaneshBorkar.NSE.SupplerLogin@491666ad]" started-at="2020-05-26T00:20:05Z" name="SuplierLogin" data-provider="dataSet" finished-at="2020-05-26T00:20:10Z" depends-on-methods="GaneshBorkar.NSE.SupplerLogin.login" duration-ms="4609" status="PASS">
          <params>
            <param index="0">
              <value>
                <![CDATA[ user@phptravels.com]]>
              </value>
            </param>
            <param index="1">
              <value>
                <![CDATA[demouser]]>
              </value>
            </param>
          </params>
          <reporter-output>
          </reporter-output>
        </test-method> <!-- SuplierLogin -->
        <test-method is-config="true" signature="tearDown2()[pri:0, instance:GaneshBorkar.NSE.SupplerLogin@491666ad]" started-at="2020-05-26T00:20:10Z" name="tearDown2" finished-at="2020-05-26T00:20:11Z" duration-ms="1332" status="PASS">
          <reporter-output>
          </reporter-output>
        </test-method> <!-- tearDown2 -->
      </class> <!-- GaneshBorkar.NSE.SupplerLogin -->
    </test> <!-- Test1 -->
    <test started-at="2020-05-25T18:50:12Z" name="Test2" finished-at="2020-05-25T18:50:37Z" duration-ms="24446">
      <class name="GaneshBorkar.NSE.PHPTRAVELS">
        <test-method is-config="true" signature="initializeDrive()[pri:0, instance:GaneshBorkar.NSE.PHPTRAVELS@275710fc]" started-at="2020-05-26T00:20:12Z" name="initializeDrive" finished-at="2020-05-26T00:20:34Z" duration-ms="21082" status="PASS">
          <reporter-output>
          </reporter-output>
        </test-method> <!-- initializeDrive -->
        <test-method signature="validateTitle()[pri:0, instance:GaneshBorkar.NSE.PHPTRAVELS@275710fc]" started-at="2020-05-26T00:20:34Z" name="validateTitle" finished-at="2020-05-26T00:20:34Z" duration-ms="137" status="PASS">
          <reporter-output>
          </reporter-output>
        </test-method> <!-- validateTitle -->
        <test-method signature="ValidateText()[pri:1, instance:GaneshBorkar.NSE.PHPTRAVELS@275710fc]" started-at="2020-05-26T00:20:34Z" name="ValidateText" finished-at="2020-05-26T00:20:34Z" duration-ms="63" status="PASS">
          <reporter-output>
          </reporter-output>
        </test-method> <!-- ValidateText -->
        <test-method signature="getTerms_of_use()[pri:3, instance:GaneshBorkar.NSE.PHPTRAVELS@275710fc]" started-at="2020-05-26T00:20:34Z" name="getTerms_of_use" finished-at="2020-05-26T00:20:35Z" duration-ms="1705" status="PASS">
          <reporter-output>
          </reporter-output>
        </test-method> <!-- getTerms_of_use -->
        <test-method is-config="true" signature="tearDown1()[pri:0, instance:GaneshBorkar.NSE.PHPTRAVELS@275710fc]" started-at="2020-05-26T00:20:35Z" name="tearDown1" finished-at="2020-05-26T00:20:37Z" duration-ms="1456" status="PASS">
          <reporter-output>
          </reporter-output>
        </test-method> <!-- tearDown1 -->
      </class> <!-- GaneshBorkar.NSE.PHPTRAVELS -->
    </test> <!-- Test2 -->
  </suite> <!-- Suite -->
</testng-results>
